{"/Users/andela/Desktop/work/projects/phone_number-generator/src/controllers/phoneNumber.js": {"path":"/Users/andela/Desktop/work/projects/phone_number-generator/src/controllers/phoneNumber.js","statementMap":{"0":{"start":{"line":9,"column":17},"end":{"line":9,"column":46}},"1":{"start":{"line":13,"column":29},"end":{"line":13,"column":59}},"2":{"start":{"line":14,"column":28},"end":{"line":14,"column":46}},"3":{"start":{"line":15,"column":8},"end":{"line":15,"column":27}},"4":{"start":{"line":19,"column":8},"end":{"line":42,"column":9}},"5":{"start":{"line":20,"column":37},"end":{"line":20,"column":39}},"6":{"start":{"line":22,"column":12},"end":{"line":29,"column":13}},"7":{"start":{"line":23,"column":36},"end":{"line":24,"column":79}},"8":{"start":{"line":26,"column":16},"end":{"line":28,"column":17}},"9":{"start":{"line":27,"column":20},"end":{"line":27,"column":55}},"10":{"start":{"line":31,"column":43},"end":{"line":31,"column":74}},"11":{"start":{"line":33,"column":26},"end":{"line":33,"column":78}},"12":{"start":{"line":35,"column":12},"end":{"line":37,"column":13}},"13":{"start":{"line":36,"column":16},"end":{"line":36,"column":49}},"14":{"start":{"line":39,"column":12},"end":{"line":39,"column":64}},"15":{"start":{"line":41,"column":12},"end":{"line":41,"column":29}},"16":{"start":{"line":46,"column":8},"end":{"line":64,"column":9}},"17":{"start":{"line":47,"column":35},"end":{"line":47,"column":44}},"18":{"start":{"line":48,"column":39},"end":{"line":48,"column":63}},"19":{"start":{"line":49,"column":48},"end":{"line":50,"column":70}},"20":{"start":{"line":52,"column":12},"end":{"line":54,"column":13}},"21":{"start":{"line":53,"column":16},"end":{"line":53,"column":28}},"22":{"start":{"line":56,"column":12},"end":{"line":61,"column":15}},"23":{"start":{"line":63,"column":12},"end":{"line":63,"column":31}},"24":{"start":{"line":68,"column":8},"end":{"line":99,"column":9}},"25":{"start":{"line":69,"column":35},"end":{"line":69,"column":44}},"26":{"start":{"line":70,"column":33},"end":{"line":70,"column":86}},"27":{"start":{"line":71,"column":35},"end":{"line":71,"column":85}},"28":{"start":{"line":72,"column":42},"end":{"line":72,"column":65}},"29":{"start":{"line":74,"column":12},"end":{"line":81,"column":13}},"30":{"start":{"line":75,"column":30},"end":{"line":78,"column":17}},"31":{"start":{"line":80,"column":16},"end":{"line":80,"column":28}},"32":{"start":{"line":83,"column":12},"end":{"line":85,"column":13}},"33":{"start":{"line":84,"column":16},"end":{"line":84,"column":45}},"34":{"start":{"line":87,"column":12},"end":{"line":89,"column":13}},"35":{"start":{"line":88,"column":16},"end":{"line":88,"column":67}},"36":{"start":{"line":91,"column":12},"end":{"line":96,"column":15}},"37":{"start":{"line":98,"column":12},"end":{"line":98,"column":31}},"38":{"start":{"line":103,"column":8},"end":{"line":131,"column":9}},"39":{"start":{"line":104,"column":33},"end":{"line":104,"column":86}},"40":{"start":{"line":105,"column":37},"end":{"line":105,"column":87}},"41":{"start":{"line":106,"column":42},"end":{"line":106,"column":65}},"42":{"start":{"line":108,"column":12},"end":{"line":115,"column":13}},"43":{"start":{"line":109,"column":30},"end":{"line":112,"column":17}},"44":{"start":{"line":114,"column":16},"end":{"line":114,"column":28}},"45":{"start":{"line":117,"column":24},"end":{"line":117,"column":53}},"46":{"start":{"line":118,"column":24},"end":{"line":118,"column":53}},"47":{"start":{"line":120,"column":12},"end":{"line":128,"column":15}},"48":{"start":{"line":130,"column":12},"end":{"line":130,"column":31}}},"fnMap":{"0":{"name":"(anonymous_0)","decl":{"start":{"line":12,"column":4},"end":{"line":12,"column":5}},"loc":{"start":{"line":12,"column":36},"end":{"line":16,"column":5}},"line":12},"1":{"name":"(anonymous_1)","decl":{"start":{"line":18,"column":4},"end":{"line":18,"column":5}},"loc":{"start":{"line":18,"column":71},"end":{"line":43,"column":5}},"line":18},"2":{"name":"(anonymous_2)","decl":{"start":{"line":45,"column":4},"end":{"line":45,"column":5}},"loc":{"start":{"line":45,"column":54},"end":{"line":65,"column":5}},"line":45},"3":{"name":"(anonymous_3)","decl":{"start":{"line":67,"column":4},"end":{"line":67,"column":5}},"loc":{"start":{"line":67,"column":49},"end":{"line":100,"column":5}},"line":67},"4":{"name":"(anonymous_4)","decl":{"start":{"line":102,"column":4},"end":{"line":102,"column":5}},"loc":{"start":{"line":102,"column":55},"end":{"line":132,"column":5}},"line":102}},"branchMap":{"0":{"loc":{"start":{"line":26,"column":16},"end":{"line":28,"column":17}},"type":"if","locations":[{"start":{"line":26,"column":16},"end":{"line":28,"column":17}},{"start":{"line":26,"column":16},"end":{"line":28,"column":17}}],"line":26},"1":{"loc":{"start":{"line":35,"column":12},"end":{"line":37,"column":13}},"type":"if","locations":[{"start":{"line":35,"column":12},"end":{"line":37,"column":13}},{"start":{"line":35,"column":12},"end":{"line":37,"column":13}}],"line":35},"2":{"loc":{"start":{"line":48,"column":39},"end":{"line":48,"column":63}},"type":"binary-expr","locations":[{"start":{"line":48,"column":39},"end":{"line":48,"column":42}},{"start":{"line":48,"column":46},"end":{"line":48,"column":63}}],"line":48},"3":{"loc":{"start":{"line":52,"column":12},"end":{"line":54,"column":13}},"type":"if","locations":[{"start":{"line":52,"column":12},"end":{"line":54,"column":13}},{"start":{"line":52,"column":12},"end":{"line":54,"column":13}}],"line":52},"4":{"loc":{"start":{"line":71,"column":35},"end":{"line":71,"column":85}},"type":"cond-expr","locations":[{"start":{"line":71,"column":57},"end":{"line":71,"column":59}},{"start":{"line":71,"column":62},"end":{"line":71,"column":85}}],"line":71},"5":{"loc":{"start":{"line":74,"column":12},"end":{"line":81,"column":13}},"type":"if","locations":[{"start":{"line":74,"column":12},"end":{"line":81,"column":13}},{"start":{"line":74,"column":12},"end":{"line":81,"column":13}}],"line":74},"6":{"loc":{"start":{"line":83,"column":12},"end":{"line":85,"column":13}},"type":"if","locations":[{"start":{"line":83,"column":12},"end":{"line":85,"column":13}},{"start":{"line":83,"column":12},"end":{"line":85,"column":13}}],"line":83},"7":{"loc":{"start":{"line":87,"column":12},"end":{"line":89,"column":13}},"type":"if","locations":[{"start":{"line":87,"column":12},"end":{"line":89,"column":13}},{"start":{"line":87,"column":12},"end":{"line":89,"column":13}}],"line":87},"8":{"loc":{"start":{"line":105,"column":37},"end":{"line":105,"column":87}},"type":"cond-expr","locations":[{"start":{"line":105,"column":59},"end":{"line":105,"column":61}},{"start":{"line":105,"column":64},"end":{"line":105,"column":87}}],"line":105},"9":{"loc":{"start":{"line":108,"column":12},"end":{"line":115,"column":13}},"type":"if","locations":[{"start":{"line":108,"column":12},"end":{"line":115,"column":13}},{"start":{"line":108,"column":12},"end":{"line":115,"column":13}}],"line":108}},"s":{"0":1,"1":65,"2":65,"3":65,"4":4,"5":4,"6":4,"7":65,"8":65,"9":65,"10":4,"11":4,"12":4,"13":0,"14":4,"15":0,"16":4,"17":4,"18":4,"19":4,"20":4,"21":0,"22":4,"23":0,"24":3,"25":3,"26":3,"27":3,"28":3,"29":3,"30":1,"31":1,"32":2,"33":1,"34":2,"35":0,"36":2,"37":1,"38":2,"39":2,"40":2,"41":2,"42":2,"43":1,"44":1,"45":1,"46":1,"47":1,"48":1},"f":{"0":65,"1":4,"2":4,"3":3,"4":2},"b":{"0":[65,0],"1":[0,4],"2":[4,1],"3":[0,4],"4":[1,2],"5":[1,2],"6":[1,1],"7":[0,2],"8":[1,1],"9":[1,1]},"_coverageSchema":"43e27e138ebf9cfc5966b082cf9a028302ed4184","hash":"fae27058ef4ca1d4cc5e879ee709e2a7f406c79b"}
,"/Users/andela/Desktop/work/projects/phone_number-generator/src/helpers/defaults.js": {"path":"/Users/andela/Desktop/work/projects/phone_number-generator/src/helpers/defaults.js","statementMap":{"0":{"start":{"line":1,"column":25},"end":{"line":1,"column":34}},"1":{"start":{"line":2,"column":36},"end":{"line":2,"column":51}},"2":{"start":{"line":3,"column":29},"end":{"line":3,"column":68}},"3":{"start":{"line":4,"column":35},"end":{"line":4,"column":56}},"4":{"start":{"line":5,"column":33},"end":{"line":5,"column":35}},"5":{"start":{"line":6,"column":36},"end":{"line":6,"column":63}},"6":{"start":{"line":7,"column":35},"end":{"line":7,"column":57}},"7":{"start":{"line":8,"column":31},"end":{"line":8,"column":55}},"8":{"start":{"line":9,"column":28},"end":{"line":9,"column":34}},"9":{"start":{"line":10,"column":36},"end":{"line":10,"column":45}},"10":{"start":{"line":11,"column":36},"end":{"line":11,"column":45}},"11":{"start":{"line":12,"column":30},"end":{"line":12,"column":57}}},"fnMap":{},"branchMap":{},"s":{"0":1,"1":1,"2":1,"3":1,"4":1,"5":1,"6":1,"7":1,"8":1,"9":1,"10":1,"11":1},"f":{},"b":{},"_coverageSchema":"43e27e138ebf9cfc5966b082cf9a028302ed4184","hash":"3ce4ef9f589338430f3f13c1772e3056053f06f7"}
,"/Users/andela/Desktop/work/projects/phone_number-generator/src/helpers/utils.js": {"path":"/Users/andela/Desktop/work/projects/phone_number-generator/src/helpers/utils.js","statementMap":{"0":{"start":{"line":5,"column":36},"end":{"line":5,"column":95}},"1":{"start":{"line":5,"column":50},"end":{"line":5,"column":95}},"2":{"start":{"line":6,"column":27},"end":{"line":9,"column":1}},"3":{"start":{"line":7,"column":21},"end":{"line":7,"column":50}},"4":{"start":{"line":8,"column":4},"end":{"line":8,"column":69}},"5":{"start":{"line":8,"column":62},"end":{"line":8,"column":67}},"6":{"start":{"line":10,"column":22},"end":{"line":20,"column":1}},"7":{"start":{"line":13,"column":4},"end":{"line":17,"column":5}},"8":{"start":{"line":14,"column":8},"end":{"line":14,"column":58}},"9":{"start":{"line":16,"column":8},"end":{"line":16,"column":48}},"10":{"start":{"line":19,"column":4},"end":{"line":19,"column":23}}},"fnMap":{"0":{"name":"(anonymous_0)","decl":{"start":{"line":5,"column":36},"end":{"line":5,"column":37}},"loc":{"start":{"line":5,"column":50},"end":{"line":5,"column":95}},"line":5},"1":{"name":"(anonymous_1)","decl":{"start":{"line":6,"column":27},"end":{"line":6,"column":28}},"loc":{"start":{"line":6,"column":46},"end":{"line":9,"column":1}},"line":6},"2":{"name":"(anonymous_2)","decl":{"start":{"line":8,"column":53},"end":{"line":8,"column":54}},"loc":{"start":{"line":8,"column":62},"end":{"line":8,"column":67}},"line":8},"3":{"name":"(anonymous_3)","decl":{"start":{"line":10,"column":22},"end":{"line":10,"column":23}},"loc":{"start":{"line":10,"column":48},"end":{"line":20,"column":1}},"line":10}},"branchMap":{"0":{"loc":{"start":{"line":13,"column":4},"end":{"line":17,"column":5}},"type":"if","locations":[{"start":{"line":13,"column":4},"end":{"line":17,"column":5}},{"start":{"line":13,"column":4},"end":{"line":17,"column":5}}],"line":13}},"s":{"0":1,"1":65,"2":1,"3":6,"4":6,"5":6,"6":1,"7":4,"8":0,"9":4,"10":4},"f":{"0":65,"1":6,"2":6,"3":4},"b":{"0":[0,4]},"_coverageSchema":"43e27e138ebf9cfc5966b082cf9a028302ed4184","hash":"4cab9bcf8037df0688e9481d9aac0817aed2093b"}
,"/Users/andela/Desktop/work/projects/phone_number-generator/src/middlewares/errorhandler.js": {"path":"/Users/andela/Desktop/work/projects/phone_number-generator/src/middlewares/errorhandler.js","statementMap":{"0":{"start":{"line":2,"column":21},"end":{"line":9,"column":3}},"1":{"start":{"line":3,"column":33},"end":{"line":3,"column":38}},"2":{"start":{"line":5,"column":4},"end":{"line":8,"column":7}}},"fnMap":{"0":{"name":"(anonymous_0)","decl":{"start":{"line":2,"column":21},"end":{"line":2,"column":22}},"loc":{"start":{"line":2,"column":48},"end":{"line":9,"column":3}},"line":2}},"branchMap":{"0":{"loc":{"start":{"line":5,"column":15},"end":{"line":5,"column":34}},"type":"binary-expr","locations":[{"start":{"line":5,"column":15},"end":{"line":5,"column":27}},{"start":{"line":5,"column":31},"end":{"line":5,"column":34}}],"line":5},"1":{"loc":{"start":{"line":7,"column":15},"end":{"line":7,"column":32}},"type":"binary-expr","locations":[{"start":{"line":7,"column":15},"end":{"line":7,"column":22}},{"start":{"line":7,"column":26},"end":{"line":7,"column":32}}],"line":7}},"s":{"0":1,"1":4,"2":4},"f":{"0":4},"b":{"0":[4,0],"1":[4,2]},"_coverageSchema":"43e27e138ebf9cfc5966b082cf9a028302ed4184","hash":"de938ca59ddd854cd5b50c3b1732cd92ab4c7744"}
,"/Users/andela/Desktop/work/projects/phone_number-generator/src/middlewares/verifyQuery.js": {"path":"/Users/andela/Desktop/work/projects/phone_number-generator/src/middlewares/verifyQuery.js","statementMap":{"0":{"start":{"line":3,"column":20},"end":{"line":40,"column":1}},"1":{"start":{"line":4,"column":4},"end":{"line":39,"column":5}},"2":{"start":{"line":5,"column":31},"end":{"line":5,"column":40}},"3":{"start":{"line":6,"column":23},"end":{"line":6,"column":25}},"4":{"start":{"line":8,"column":8},"end":{"line":10,"column":9}},"5":{"start":{"line":9,"column":12},"end":{"line":9,"column":26}},"6":{"start":{"line":12,"column":23},"end":{"line":12,"column":30}},"7":{"start":{"line":13,"column":8},"end":{"line":19,"column":9}},"8":{"start":{"line":14,"column":12},"end":{"line":18,"column":13}},"9":{"start":{"line":15,"column":16},"end":{"line":15,"column":91}},"10":{"start":{"line":17,"column":16},"end":{"line":17,"column":50}},"11":{"start":{"line":21,"column":23},"end":{"line":21,"column":36}},"12":{"start":{"line":23,"column":8},"end":{"line":29,"column":9}},"13":{"start":{"line":24,"column":12},"end":{"line":28,"column":13}},"14":{"start":{"line":25,"column":16},"end":{"line":25,"column":54}},"15":{"start":{"line":27,"column":16},"end":{"line":27,"column":78}},"16":{"start":{"line":31,"column":8},"end":{"line":34,"column":9}},"17":{"start":{"line":32,"column":26},"end":{"line":32,"column":49}},"18":{"start":{"line":33,"column":12},"end":{"line":33,"column":31}},"19":{"start":{"line":36,"column":8},"end":{"line":36,"column":22}},"20":{"start":{"line":38,"column":8},"end":{"line":38,"column":27}}},"fnMap":{"0":{"name":"(anonymous_0)","decl":{"start":{"line":3,"column":20},"end":{"line":3,"column":21}},"loc":{"start":{"line":3,"column":40},"end":{"line":40,"column":1}},"line":3}},"branchMap":{"0":{"loc":{"start":{"line":8,"column":8},"end":{"line":10,"column":9}},"type":"if","locations":[{"start":{"line":8,"column":8},"end":{"line":10,"column":9}},{"start":{"line":8,"column":8},"end":{"line":10,"column":9}}],"line":8},"1":{"loc":{"start":{"line":8,"column":12},"end":{"line":8,"column":26}},"type":"binary-expr","locations":[{"start":{"line":8,"column":12},"end":{"line":8,"column":16}},{"start":{"line":8,"column":20},"end":{"line":8,"column":26}}],"line":8},"2":{"loc":{"start":{"line":13,"column":8},"end":{"line":19,"column":9}},"type":"if","locations":[{"start":{"line":13,"column":8},"end":{"line":19,"column":9}},{"start":{"line":13,"column":8},"end":{"line":19,"column":9}}],"line":13},"3":{"loc":{"start":{"line":14,"column":12},"end":{"line":18,"column":13}},"type":"if","locations":[{"start":{"line":14,"column":12},"end":{"line":18,"column":13}},{"start":{"line":14,"column":12},"end":{"line":18,"column":13}}],"line":14},"4":{"loc":{"start":{"line":14,"column":16},"end":{"line":14,"column":55}},"type":"binary-expr","locations":[{"start":{"line":14,"column":16},"end":{"line":14,"column":28}},{"start":{"line":14,"column":32},"end":{"line":14,"column":55}}],"line":14},"5":{"loc":{"start":{"line":23,"column":8},"end":{"line":29,"column":9}},"type":"if","locations":[{"start":{"line":23,"column":8},"end":{"line":29,"column":9}},{"start":{"line":23,"column":8},"end":{"line":29,"column":9}}],"line":23},"6":{"loc":{"start":{"line":24,"column":12},"end":{"line":28,"column":13}},"type":"if","locations":[{"start":{"line":24,"column":12},"end":{"line":28,"column":13}},{"start":{"line":24,"column":12},"end":{"line":28,"column":13}}],"line":24},"7":{"loc":{"start":{"line":24,"column":16},"end":{"line":24,"column":82}},"type":"binary-expr","locations":[{"start":{"line":24,"column":16},"end":{"line":24,"column":34}},{"start":{"line":24,"column":38},"end":{"line":24,"column":82}}],"line":24},"8":{"loc":{"start":{"line":31,"column":8},"end":{"line":34,"column":9}},"type":"if","locations":[{"start":{"line":31,"column":8},"end":{"line":34,"column":9}},{"start":{"line":31,"column":8},"end":{"line":34,"column":9}}],"line":31}},"s":{"0":1,"1":9,"2":9,"3":9,"4":9,"5":3,"6":6,"7":6,"8":6,"9":2,"10":4,"11":6,"12":6,"13":3,"14":1,"15":2,"16":6,"17":2,"18":2,"19":4,"20":0},"f":{"0":9},"b":{"0":[3,6],"1":[9,3],"2":[6,0],"3":[2,4],"4":[6,4],"5":[3,3],"6":[1,2],"7":[3,3],"8":[2,4]},"_coverageSchema":"43e27e138ebf9cfc5966b082cf9a028302ed4184","hash":"8ecb8e66970e6e6010bb6b9ee2ccf25b68b22195"}
,"/Users/andela/Desktop/work/projects/phone_number-generator/src/routes/index.js": {"path":"/Users/andela/Desktop/work/projects/phone_number-generator/src/routes/index.js","statementMap":{"0":{"start":{"line":6,"column":15},"end":{"line":26,"column":1}},"1":{"start":{"line":7,"column":4},"end":{"line":12,"column":7}},"2":{"start":{"line":8,"column":8},"end":{"line":11,"column":11}},"3":{"start":{"line":14,"column":4},"end":{"line":14,"column":42}},"4":{"start":{"line":17,"column":4},"end":{"line":17,"column":26}},"5":{"start":{"line":20,"column":4},"end":{"line":23,"column":8}},"6":{"start":{"line":20,"column":29},"end":{"line":23,"column":6}},"7":{"start":{"line":25,"column":4},"end":{"line":25,"column":15}}},"fnMap":{"0":{"name":"(anonymous_0)","decl":{"start":{"line":6,"column":15},"end":{"line":6,"column":16}},"loc":{"start":{"line":6,"column":24},"end":{"line":26,"column":1}},"line":6},"1":{"name":"(anonymous_1)","decl":{"start":{"line":7,"column":30},"end":{"line":7,"column":31}},"loc":{"start":{"line":7,"column":42},"end":{"line":12,"column":5}},"line":7},"2":{"name":"(anonymous_2)","decl":{"start":{"line":20,"column":17},"end":{"line":20,"column":18}},"loc":{"start":{"line":20,"column":29},"end":{"line":23,"column":6}},"line":20}},"branchMap":{},"s":{"0":1,"1":1,"2":0,"3":1,"4":1,"5":1,"6":0,"7":1},"f":{"0":1,"1":0,"2":0},"b":{},"_coverageSchema":"43e27e138ebf9cfc5966b082cf9a028302ed4184","hash":"a9518883f1a37f3d8b4e13a7ff7fb2688c5113a9"}
,"/Users/andela/Desktop/work/projects/phone_number-generator/src/routes/phoneNumberRoutes.js": {"path":"/Users/andela/Desktop/work/projects/phone_number-generator/src/routes/phoneNumberRoutes.js","statementMap":{"0":{"start":{"line":7,"column":26},"end":{"line":7,"column":42}},"1":{"start":{"line":9,"column":0},"end":{"line":10,"column":43}},"2":{"start":{"line":12,"column":0},"end":{"line":13,"column":48}},"3":{"start":{"line":15,"column":0},"end":{"line":16,"column":49}}},"fnMap":{},"branchMap":{},"s":{"0":1,"1":1,"2":1,"3":1},"f":{},"b":{},"_coverageSchema":"43e27e138ebf9cfc5966b082cf9a028302ed4184","hash":"9fe4e2d4921f4c19aaee3a0e98da2c5203fbe409"}
}
