TN:
SF:/Users/andela/Desktop/work/projects/phone_number-generator/src/controllers/phoneNumber.js
FN:12,(anonymous_0)
FN:18,(anonymous_1)
FN:45,(anonymous_2)
FN:67,(anonymous_3)
FN:102,(anonymous_4)
FNF:5
FNH:5
FNDA:65,(anonymous_0)
FNDA:4,(anonymous_1)
FNDA:4,(anonymous_2)
FNDA:3,(anonymous_3)
FNDA:2,(anonymous_4)
DA:9,1
DA:13,65
DA:14,65
DA:15,65
DA:19,4
DA:20,4
DA:22,4
DA:23,65
DA:26,65
DA:27,65
DA:31,4
DA:33,4
DA:35,4
DA:36,0
DA:39,4
DA:41,0
DA:46,4
DA:47,4
DA:48,4
DA:49,4
DA:52,4
DA:53,0
DA:56,4
DA:63,0
DA:68,3
DA:69,3
DA:70,3
DA:71,3
DA:72,3
DA:74,3
DA:75,1
DA:80,1
DA:83,2
DA:84,1
DA:87,2
DA:88,0
DA:91,2
DA:98,1
DA:103,2
DA:104,2
DA:105,2
DA:106,2
DA:108,2
DA:109,1
DA:114,1
DA:117,1
DA:118,1
DA:120,1
DA:130,1
LF:49
LH:44
BRDA:26,0,0,65
BRDA:26,0,1,0
BRDA:35,1,0,0
BRDA:35,1,1,4
BRDA:48,2,0,4
BRDA:48,2,1,1
BRDA:52,3,0,0
BRDA:52,3,1,4
BRDA:71,4,0,1
BRDA:71,4,1,2
BRDA:74,5,0,1
BRDA:74,5,1,2
BRDA:83,6,0,1
BRDA:83,6,1,1
BRDA:87,7,0,0
BRDA:87,7,1,2
BRDA:105,8,0,1
BRDA:105,8,1,1
BRDA:108,9,0,1
BRDA:108,9,1,1
BRF:20
BRH:16
end_of_record
TN:
SF:/Users/andela/Desktop/work/projects/phone_number-generator/src/helpers/defaults.js
FNF:0
FNH:0
DA:1,1
DA:2,1
DA:3,1
DA:4,1
DA:5,1
DA:6,1
DA:7,1
DA:8,1
DA:9,1
DA:10,1
DA:11,1
DA:12,1
LF:12
LH:12
BRF:0
BRH:0
end_of_record
TN:
SF:/Users/andela/Desktop/work/projects/phone_number-generator/src/helpers/utils.js
FN:5,(anonymous_0)
FN:6,(anonymous_1)
FN:8,(anonymous_2)
FN:10,(anonymous_3)
FNF:4
FNH:4
FNDA:65,(anonymous_0)
FNDA:6,(anonymous_1)
FNDA:6,(anonymous_2)
FNDA:4,(anonymous_3)
DA:5,65
DA:6,1
DA:7,6
DA:8,6
DA:10,1
DA:13,4
DA:14,0
DA:16,4
DA:19,4
LF:9
LH:8
BRDA:13,0,0,0
BRDA:13,0,1,4
BRF:2
BRH:1
end_of_record
TN:
SF:/Users/andela/Desktop/work/projects/phone_number-generator/src/middlewares/errorhandler.js
FN:2,(anonymous_0)
FNF:1
FNH:1
FNDA:4,(anonymous_0)
DA:2,1
DA:3,4
DA:5,4
LF:3
LH:3
BRDA:5,0,0,4
BRDA:5,0,1,0
BRDA:7,1,0,4
BRDA:7,1,1,2
BRF:4
BRH:3
end_of_record
TN:
SF:/Users/andela/Desktop/work/projects/phone_number-generator/src/middlewares/verifyQuery.js
FN:3,(anonymous_0)
FNF:1
FNH:1
FNDA:9,(anonymous_0)
DA:3,1
DA:4,9
DA:5,9
DA:6,9
DA:8,9
DA:9,3
DA:12,6
DA:13,6
DA:14,6
DA:15,2
DA:17,4
DA:21,6
DA:23,6
DA:24,3
DA:25,1
DA:27,2
DA:31,6
DA:32,2
DA:33,2
DA:36,4
DA:38,0
LF:21
LH:20
BRDA:8,0,0,3
BRDA:8,0,1,6
BRDA:8,1,0,9
BRDA:8,1,1,3
BRDA:13,2,0,6
BRDA:13,2,1,0
BRDA:14,3,0,2
BRDA:14,3,1,4
BRDA:14,4,0,6
BRDA:14,4,1,4
BRDA:23,5,0,3
BRDA:23,5,1,3
BRDA:24,6,0,1
BRDA:24,6,1,2
BRDA:24,7,0,3
BRDA:24,7,1,3
BRDA:31,8,0,2
BRDA:31,8,1,4
BRF:18
BRH:17
end_of_record
TN:
SF:/Users/andela/Desktop/work/projects/phone_number-generator/src/routes/index.js
FN:6,(anonymous_0)
FN:7,(anonymous_1)
FN:20,(anonymous_2)
FNF:3
FNH:1
FNDA:1,(anonymous_0)
FNDA:0,(anonymous_1)
FNDA:0,(anonymous_2)
DA:6,1
DA:7,1
DA:8,0
DA:14,1
DA:17,1
DA:20,1
DA:25,1
LF:7
LH:6
BRF:0
BRH:0
end_of_record
TN:
SF:/Users/andela/Desktop/work/projects/phone_number-generator/src/routes/phoneNumberRoutes.js
FNF:0
FNH:0
DA:7,1
DA:9,1
DA:12,1
DA:15,1
LF:4
LH:4
BRF:0
BRH:0
end_of_record
